<?xml version="1.0" encoding="UTF-8"?>
<!-- Generated by org.testng.reporters.JUnitXMLReporter -->
<testsuite ignored="0" hostname="LAPTOP-OPBI3INP" failures="1" tests="1" name="Default test" time="4.591" errors="0" timestamp="2024-09-17T09:31:33 IST">
  <testcase classname="io.cucumber.testng.AbstractTestNGCucumberTests" name="runScenario" time="3.926">
    <failure type="io.cucumber.java.PendingException" message="TODO: implement me">
      <![CDATA[io.cucumber.java.PendingException: TODO: implement me
at StepDefinition.StepDefinition.user_enters_the_email(StepDefinition.java:16)
at âœ½.user enters the email(file:///C:/Users/dkavi/eclipse-workspace/fitatraining/featuresBDD/Test.feature:24)
]]>
    </failure>
  </testcase> <!-- runScenario -->
</testsuite> <!-- Default test -->
