<?xml version="1.0" encoding="UTF-8"?>
<!-- Generated by org.testng.reporters.JUnitReportReporter -->
<testsuite hostname="LAPTOP-OPBI3INP" failures="0" tests="1" name="fita.test.Runner" time="3.926" errors="1" timestamp="2024-09-17T09:31:33 IST" skipped="0">
  <testcase classname="fita.test.Runner" name="runScenario" time="3.926">
    <error message="TODO: implement me" type="io.cucumber.java.PendingException">
      <![CDATA[io.cucumber.java.PendingException: TODO: implement me
at StepDefinition.StepDefinition.user_enters_the_email(StepDefinition.java:16)
at âœ½.user enters the email(file:///C:/Users/dkavi/eclipse-workspace/fitatraining/featuresBDD/Test.feature:24)
]]>
    </error>
  </testcase> <!-- runScenario -->
  <system-out/>
</testsuite> <!-- fita.test.Runner -->
